PLINK v1.90b4.4 64-bit (21 May 2017)
Options in effect:
  --bfile LD_sim/LD_sim
  --noweb
  --out LD_sim/LD_sim
  --recode
  --tab

Hostname: dx7-bioti27
Working directory: /home/local/petrikem/Dropbox/LD_tutorial
Start time: Wed Oct  2 15:49:10 2019

Note: --noweb has no effect since no web check is implemented yet.
Note: --tab flag deprecated.  Use '--recode tab ...'.
Random number seed: 1570020550
64304 MB RAM detected; reserving 32152 MB for main workspace.
500 variants loaded from .bim file.
250 people (250 males, 0 females) loaded from .fam.
Using 1 thread (no multithreaded calculations invoked).
Before main variant filters, 250 founders and 0 nonfounders present.
Calculating allele frequencies... done.
500 variants and 250 people pass filters and QC.
Note: No phenotypes present.
--recode ped to LD_sim/LD_sim.ped + LD_sim/LD_sim.map ... done.

End time: Wed Oct  2 15:49:10 2019
